# JRE version: OpenJDK Runtime Environment (11.0.10) (build 11.0.10+0-b96-7249189)
# Java VM: OpenJDK 64-Bit Server VM (11.0.10+0-b96-7249189, mixed mode, tiered, compressed oops, g1 gc, windows-amd64)
Heap:
 garbage-first heap   total 349184K, used 202996K [0x0000000080000000, 0x0000000100000000)
  region size 1024K, 3 young (3072K), 3 survivors (3072K)
 Metaspace       used 136258K, capacity 139984K, committed 140120K, reserved 1171456K
  class space    used 16877K, capacity 18213K, committed 18304K, reserved 1048576K
GC Heap History (20 events):
Event: 120.713 GC heap before
{Heap before GC invocations=60 (full 0):
 garbage-first heap   total 253952K, used 209662K [0x0000000080000000, 0x0000000100000000)
  region size 1024K, 68 young (69632K), 10 survivors (10240K)
 Metaspace       used 131927K, capacity 135478K, committed 135640K, reserved 1167360K
  class space    used 16136K, capacity 17396K, committed 17408K, reserved 1048576K
}
Event: 120.727 GC heap after
{Heap after GC invocations=61 (full 0):
 garbage-first heap   total 253952K, used 160086K [0x0000000080000000, 0x0000000100000000)
  region size 1024K, 9 young (9216K), 9 survivors (9216K)
 Metaspace       used 131927K, capacity 135478K, committed 135640K, reserved 1167360K
  class space    used 16136K, capacity 17396K, committed 17408K, reserved 1048576K
}
Event: 120.830 GC heap before
{Heap before GC invocations=61 (full 0):
 garbage-first heap   total 253952K, used 208214K [0x0000000080000000, 0x0000000100000000)
  region size 1024K, 57 young (58368K), 9 survivors (9216K)
 Metaspace       used 132168K, capacity 135741K, committed 136024K, reserved 1167360K
  class space    used 16186K, capacity 17461K, committed 17536K, reserved 1048576K
}
Event: 120.845 GC heap after
{Heap after GC invocations=62 (full 0):
 garbage-first heap   total 253952K, used 171769K [0x0000000080000000, 0x0000000100000000)
  region size 1024K, 8 young (8192K), 8 survivors (8192K)
 Metaspace       used 132168K, capacity 135741K, committed 136024K, reserved 1167360K
  class space    used 16186K, capacity 17461K, committed 17536K, reserved 1048576K
}
Event: 120.942 GC heap before
{Heap before GC invocations=62 (full 0):
 garbage-first heap   total 253952K, used 209657K [0x0000000080000000, 0x0000000100000000)
  region size 1024K, 45 young (46080K), 8 survivors (8192K)
 Metaspace       used 132426K, capacity 135941K, committed 136024K, reserved 1167360K
  class space    used 16204K, capacity 17462K, committed 17536K, reserved 1048576K
}
Event: 120.962 GC heap after
{Heap after GC invocations=63 (full 0):
 garbage-first heap   total 253952K, used 180075K [0x0000000080000000, 0x0000000100000000)
  region size 1024K, 6 young (6144K), 6 survivors (6144K)
 Metaspace       used 132426K, capacity 135941K, committed 136024K, reserved 1167360K
  class space    used 16204K, capacity 17462K, committed 17536K, reserved 1048576K
}
Event: 121.059 GC heap before
{Heap before GC invocations=63 (full 0):
 garbage-first heap   total 253952K, used 211819K [0x0000000080000000, 0x0000000100000000)
  region size 1024K, 38 young (38912K), 6 survivors (6144K)
 Metaspace       used 132676K, capacity 136256K, committed 136536K, reserved 1169408K
  class space    used 16222K, capacity 17501K, committed 17536K, reserved 1048576K
}
Event: 121.070 GC heap after
{Heap after GC invocations=64 (full 0):
 garbage-first heap   total 253952K, used 186368K [0x0000000080000000, 0x0000000100000000)
  region size 1024K, 5 young (5120K), 5 survivors (5120K)
 Metaspace       used 132676K, capacity 136256K, committed 136536K, reserved 1169408K
  class space    used 16222K, capacity 17501K, committed 17536K, reserved 1048576K
}
Event: 121.156 GC heap before
{Heap before GC invocations=64 (full 0):
 garbage-first heap   total 253952K, used 215040K [0x0000000080000000, 0x0000000100000000)
  region size 1024K, 33 young (33792K), 5 survivors (5120K)
 Metaspace       used 132695K, capacity 136258K, committed 136536K, reserved 1169408K
  class space    used 16222K, capacity 17501K, committed 17536K, reserved 1048576K
}
Event: 121.165 GC heap after
{Heap after GC invocations=65 (full 0):
 garbage-first heap   total 253952K, used 191493K [0x0000000080000000, 0x0000000100000000)
  region size 1024K, 5 young (5120K), 5 survivors (5120K)
 Metaspace       used 132695K, capacity 136258K, committed 136536K, reserved 1169408K
  class space    used 16222K, capacity 17501K, committed 17536K, reserved 1048576K
}
Event: 121.272 GC heap before
{Heap before GC invocations=65 (full 0):
 garbage-first heap   total 253952K, used 217093K [0x0000000080000000, 0x0000000100000000)
  region size 1024K, 30 young (30720K), 5 survivors (5120K)
 Metaspace       used 132794K, capacity 136350K, committed 136536K, reserved 1169408K
  class space    used 16233K, capacity 17506K, committed 17536K, reserved 1048576K
}
Event: 121.280 GC heap after
{Heap after GC invocations=66 (full 0):
 garbage-first heap   total 253952K, used 194955K [0x0000000080000000, 0x0000000100000000)
  region size 1024K, 4 young (4096K), 4 survivors (4096K)
 Metaspace       used 132794K, capacity 136350K, committed 136536K, reserved 1169408K
  class space    used 16233K, capacity 17506K, committed 17536K, reserved 1048576K
}
Event: 121.324 GC heap before
{Heap before GC invocations=66 (full 0):
 garbage-first heap   total 253952K, used 218507K [0x0000000080000000, 0x0000000100000000)
  region size 1024K, 27 young (27648K), 4 survivors (4096K)
 Metaspace       used 133261K, capacity 136786K, committed 136920K, reserved 1169408K
  class space    used 16322K, capacity 17587K, committed 17664K, reserved 1048576K
}
Event: 121.331 GC heap after
{Heap after GC invocations=67 (full 0):
 garbage-first heap   total 253952K, used 197173K [0x0000000080000000, 0x0000000100000000)
  region size 1024K, 4 young (4096K), 4 survivors (4096K)
 Metaspace       used 133261K, capacity 136786K, committed 136920K, reserved 1169408K
  class space    used 16322K, capacity 17587K, committed 17664K, reserved 1048576K
}
Event: 121.381 GC heap before
{Heap before GC invocations=67 (full 0):
 garbage-first heap   total 253952K, used 217653K [0x0000000080000000, 0x0000000100000000)
  region size 1024K, 25 young (25600K), 4 survivors (4096K)
 Metaspace       used 133573K, capacity 137106K, committed 137176K, reserved 1169408K
  class space    used 16381K, capacity 17651K, committed 17664K, reserved 1048576K
}
Event: 121.388 GC heap after
{Heap after GC invocations=68 (full 0):
 garbage-first heap   total 253952K, used 200484K [0x0000000080000000, 0x0000000100000000)
  region size 1024K, 4 young (4096K), 4 survivors (4096K)
 Metaspace       used 133573K, capacity 137106K, committed 137176K, reserved 1169408K
  class space    used 16381K, capacity 17651K, committed 17664K, reserved 1048576K
}
Event: 121.643 GC heap before
{Heap before GC invocations=69 (full 0):
 garbage-first heap   total 253952K, used 218916K [0x0000000080000000, 0x0000000100000000)
  region size 1024K, 23 young (23552K), 4 survivors (4096K)
 Metaspace       used 135668K, capacity 139377K, committed 139480K, reserved 1171456K
  class space    used 16758K, capacity 18098K, committed 18176K, reserved 1048576K
}
Event: 121.653 GC heap after
{Heap after GC invocations=70 (full 0):
 garbage-first heap   total 253952K, used 202996K [0x0000000080000000, 0x0000000100000000)
  region size 1024K, 3 young (3072K), 3 survivors (3072K)
 Metaspace       used 135668K, capacity 139377K, committed 139480K, reserved 1171456K
  class space    used 16758K, capacity 18098K, committed 18176K, reserved 1048576K
}
Event: 121.745 GC heap before
{Heap before GC invocations=70 (full 0):
 garbage-first heap   total 253952K, used 211188K [0x0000000080000000, 0x0000000100000000)
  region size 1024K, 12 young (12288K), 3 survivors (3072K)
 Metaspace       used 135940K, capacity 139667K, committed 139736K, reserved 1171456K
  class space    used 16824K, capacity 18174K, committed 18176K, reserved 1048576K
}
Event: 121.757 GC heap after
{Heap after GC invocations=71 (full 0):
 garbage-first heap   total 253952K, used 201280K [0x0000000080000000, 0x0000000100000000)
  region size 1024K, 2 young (2048K), 2 survivors (2048K)
 Metaspace       used 135940K, capacity 139667K, committed 139736K, reserved 1171456K
  class space    used 16824K, capacity 18174K, committed 18176K, reserved 1048576K
}

